<?xml version="1.0" encoding="UTF-8"?>
<!-- Generated by org.testng.reporters.JUnitXMLReporter -->
<testsuite ignored="0" hostname="HYD-U9L6HDKVVP6" failures="0" tests="1" name="LoginTestMethods" time="3.047" errors="0" timestamp="2025-10-11T11:11:10 IST">
  <testcase classname="tests.LoginTest" name="@BeforeMethod initialSetup" time="2.808">
    <failure type="io.github.bonigarcia.wdm.config.WebDriverManagerException" message="io.github.bonigarcia.wdm.config.WebDriverManagerException: java.lang.IllegalArgumentException: URI is not absolute">
      <![CDATA[io.github.bonigarcia.wdm.config.WebDriverManagerException: io.github.bonigarcia.wdm.config.WebDriverManagerException: java.lang.IllegalArgumentException: URI is not absolute
at io.github.bonigarcia.wdm.WebDriverManager.handleException(WebDriverManager.java:1447)
at io.github.bonigarcia.wdm.WebDriverManager.manage(WebDriverManager.java:1210)
at io.github.bonigarcia.wdm.WebDriverManager.fallback(WebDriverManager.java:1463)
at io.github.bonigarcia.wdm.WebDriverManager.handleException(WebDriverManager.java:1441)
at io.github.bonigarcia.wdm.WebDriverManager.manage(WebDriverManager.java:1210)
at io.github.bonigarcia.wdm.WebDriverManager.setup(WebDriverManager.java:429)
at initialization.DriverManager.getDriver(DriverManager.java:47)
at tests.LoginTest.initialSetup(LoginTest.java:20)
at java.base/java.util.ArrayList.forEach(ArrayList.java:1597)
Caused by: io.github.bonigarcia.wdm.config.WebDriverManagerException: java.lang.IllegalArgumentException: URI is not absolute
at io.github.bonigarcia.wdm.managers.EdgeDriverManager.getDriversFromXml(EdgeDriverManager.java:308)
at io.github.bonigarcia.wdm.managers.EdgeDriverManager.getDriverUrls(EdgeDriverManager.java:138)
at io.github.bonigarcia.wdm.WebDriverManager.createUrlHandler(WebDriverManager.java:1468)
at io.github.bonigarcia.wdm.WebDriverManager.download(WebDriverManager.java:1298)
at io.github.bonigarcia.wdm.WebDriverManager.manage(WebDriverManager.java:1204)
... 36 more
Caused by: java.lang.IllegalArgumentException: URI is not absolute
at java.base/java.net.URL.of(URL.java:862)
at java.base/java.net.URI.toURL(URI.java:1172)
at io.github.bonigarcia.wdm.managers.EdgeDriverManager.getDriversFromXml(EdgeDriverManager.java:300)
... 40 more
... Removed 29 stack frames]]>
    </failure>
  </testcase> <!-- @BeforeMethod initialSetup -->
  <testcase classname="tests.LoginTest" name="@AfterMethod tearDown" time="0.001">
    <failure type="java.lang.NullPointerException" message="Cannot invoke &amp;quot;org.openqa.selenium.WebDriver.quit()&amp;quot; because the return value of &amp;quot;java.lang.ThreadLocal.get()&amp;quot; is null">
      <![CDATA[java.lang.NullPointerException: Cannot invoke "org.openqa.selenium.WebDriver.quit()" because the return value of "java.lang.ThreadLocal.get()" is null
at initialization.DriverManager.quitDriver(DriverManager.java:66)
at tests.LoginTest.tearDown(LoginTest.java:26)
at java.base/java.util.ArrayList.forEach(ArrayList.java:1597)
... Removed 30 stack frames]]>
    </failure>
  </testcase> <!-- @AfterMethod tearDown -->
  <testcase classname="tests.LoginTest" name="testLoginPage" time="0.0">
    <skipped/>
  </testcase> <!-- testLoginPage -->
</testsuite> <!-- LoginTestMethods -->
