<?xml version="1.0" encoding="UTF-8"?>
<!-- Generated by org.testng.reporters.JUnitXMLReporter -->
<testsuite ignored="4" hostname="HYD-U9L6HDKVVP6" failures="0" tests="2" name="MenuGroupTests" time="8.538" errors="0" timestamp="2025-09-22T14:19:23 IST">
  <testcase classname="tests.DashboardPageTest" name="@BeforeMethod initialSetup" time="0.001">
    <failure type="java.lang.NullPointerException" message="Cannot invoke &amp;quot;java.lang.ThreadLocal.get()&amp;quot; because &amp;quot;initialization.DriverManager.driver&amp;quot; is null">
      <![CDATA[java.lang.NullPointerException: Cannot invoke "java.lang.ThreadLocal.get()" because "initialization.DriverManager.driver" is null
at initialization.DriverManager.getDriver(DriverManager.java:19)
at tests.DashboardPageTest.initialSetup(DashboardPageTest.java:21)
at java.base/java.util.ArrayList.forEach(ArrayList.java:1597)
at java.base/java.util.concurrent.FutureTask.run(FutureTask.java:317)
at java.base/java.util.concurrent.ThreadPoolExecutor.runWorker(ThreadPoolExecutor.java:1144)
at java.base/java.util.concurrent.ThreadPoolExecutor$Worker.run(ThreadPoolExecutor.java:642)
at java.base/java.lang.Thread.run(Thread.java:1575)
... Removed 19 stack frames]]>
    </failure>
  </testcase> <!-- @BeforeMethod initialSetup -->
  <testcase classname="tests.DashboardPageTest" name="getDashBoardItems" time="2.135"/>
  <testcase classname="tests.DashboardPageTest" name="seeTheMenu" time="0.0">
    <skipped/>
  </testcase> <!-- seeTheMenu -->
  <testcase classname="tests.DashboardPageTest" name="checkPendingLeaves" time="0.0">
    <ignored/>
  </testcase> <!-- checkPendingLeaves -->
  <testcase classname="tests.DashboardPageTest" name="testPrintPieChart" time="0.0">
    <ignored/>
  </testcase> <!-- testPrintPieChart -->
  <testcase classname="tests.DashboardPageTest" name="getQuickLaunchWidgets" time="0.0">
    <ignored/>
  </testcase> <!-- getQuickLaunchWidgets -->
  <testcase classname="tests.DashboardPageTest" name="getDashboardCustomization" time="0.0">
    <ignored/>
  </testcase> <!-- getDashboardCustomization -->
</testsuite> <!-- MenuGroupTests -->
