<?xml version="1.0" encoding="UTF-8"?>
<!-- Generated by org.testng.reporters.JUnitXMLReporter -->
<testsuite ignored="4" hostname="HYD-U9L6HDKVVP6" failures="0" tests="2" name="WidgetsGroupTests" time="9.255" errors="0" timestamp="2025-09-22T14:19:24 IST">
  <testcase classname="tests.DashboardPageTest" name="getQuickLaunchWidgets" time="3.06"/>
  <testcase classname="tests.DashboardPageTest" name="testPrintPieChart" time="0.0">
    <skipped/>
  </testcase> <!-- testPrintPieChart -->
  <testcase classname="tests.DashboardPageTest" name="getDashboardCustomization" time="0.0">
    <ignored/>
  </testcase> <!-- getDashboardCustomization -->
  <testcase classname="tests.DashboardPageTest" name="seeTheMenu" time="0.0">
    <ignored/>
  </testcase> <!-- seeTheMenu -->
  <testcase classname="tests.DashboardPageTest" name="checkPendingLeaves" time="0.0">
    <ignored/>
  </testcase> <!-- checkPendingLeaves -->
  <testcase classname="tests.DashboardPageTest" name="getDashBoardItems" time="0.0">
    <ignored/>
  </testcase> <!-- getDashBoardItems -->
</testsuite> <!-- WidgetsGroupTests -->
