<?xml version="1.0" encoding="UTF-8"?>
<!-- Generated by org.testng.reporters.JUnitXMLReporter -->
<testsuite ignored="1" hostname="HYD-U9L6HDKVVP6" failures="0" tests="1" name="Default test" time="15.953" errors="0" timestamp="2025-10-14T21:43:08 IST">
  <testcase classname="tests.PIMPageTest" name="addAndDeleteEmployeeFunctionality" time="7.973"/>
  <testcase classname="tests.PIMPageTest" name="verifyEmployeeSearch" time="0.0">
    <ignored/>
  </testcase> <!-- verifyEmployeeSearch -->
</testsuite> <!-- Default test -->
