<?xml version="1.0" encoding="UTF-8"?>
<!-- Generated by org.testng.reporters.JUnitXMLReporter -->
<testsuite ignored="0" hostname="HYD-U9L6HDKVVP6" failures="0" tests="11" name="AdminPageTests" time="131.483" errors="0" timestamp="2025-10-14T19:04:11 IST">
  <testcase classname="tests.AdminPageTest" name="addAndRemoveEmployementStatus" time="13.57"/>
  <testcase classname="tests.AdminPageTest" name="addAndRemoveJobTitle" time="15.754"/>
  <testcase classname="tests.AdminPageTest" name="addAndRemovePayGrade" time="19.374"/>
  <testcase classname="tests.AdminPageTest" name="addAndRemovePayGrade" time="12.194"/>
  <testcase classname="tests.AdminPageTest" name="addAndRemovePayGrade" time="12.303"/>
  <testcase classname="tests.AdminPageTest" name="addUserFunctionality" time="9.617"/>
  <testcase classname="tests.AdminPageTest" name="checkEmployementStatus" time="3.795"/>
  <testcase classname="tests.AdminPageTest" name="checkJobTitles" time="3.651"/>
  <testcase classname="tests.AdminPageTest" name="checkPayGrades" time="3.429"/>
  <testcase classname="tests.AdminPageTest" name="getOrganizationStructure" time="13.502"/>
  <testcase classname="tests.AdminPageTest" name="removeUser" time="18.371"/>
</testsuite> <!-- AdminPageTests -->
