<?xml version="1.0" encoding="UTF-8"?>
<!-- Generated by org.testng.reporters.JUnitXMLReporter -->
<testsuite ignored="5" hostname="HYD-U9L6HDKVVP6" failures="0" tests="1" name="ChartGroupTests" time="14.748" errors="0" timestamp="2025-09-22T14:24:47 IST">
  <testcase classname="tests.DashboardPageTest" name="testPrintPieChart" time="3.293"/>
  <testcase classname="tests.DashboardPageTest" name="getQuickLaunchWidgets" time="0.0">
    <ignored/>
  </testcase> <!-- getQuickLaunchWidgets -->
  <testcase classname="tests.DashboardPageTest" name="getDashboardCustomization" time="0.0">
    <ignored/>
  </testcase> <!-- getDashboardCustomization -->
  <testcase classname="tests.DashboardPageTest" name="seeTheMenu" time="0.0">
    <ignored/>
  </testcase> <!-- seeTheMenu -->
  <testcase classname="tests.DashboardPageTest" name="getDashBoardItems" time="0.0">
    <ignored/>
  </testcase> <!-- getDashBoardItems -->
  <testcase classname="tests.DashboardPageTest" name="checkPendingLeaves" time="0.0">
    <ignored/>
  </testcase> <!-- checkPendingLeaves -->
</testsuite> <!-- ChartGroupTests -->
