<?xml version="1.0" encoding="UTF-8"?>
<!-- Generated by org.testng.reporters.JUnitXMLReporter -->
<testsuite ignored="0" hostname="HYD-U9L6HDKVVP6" failures="0" tests="6" name="DashboardTestMethods" time="11.899" errors="0" timestamp="2025-09-22T18:38:56 IST">
  <testcase classname="tests.DashboardPageTest" name="seeTheMenu" time="1.741"/>
  <testcase classname="tests.DashboardPageTest" name="getDashBoardItems" time="0.144"/>
  <testcase classname="tests.DashboardPageTest" name="getQuickLaunchWidgets" time="0.863"/>
  <testcase classname="tests.DashboardPageTest" name="testPrintPieChart" time="0.349"/>
  <testcase classname="tests.DashboardPageTest" name="getDashboardCustomization" time="0.256"/>
  <testcase classname="tests.DashboardPageTest" name="checkPendingLeaves" time="2.208"/>
</testsuite> <!-- DashboardTestMethods -->
