<?xml version="1.0" encoding="UTF-8"?>
<!-- Generated by org.testng.reporters.JUnitXMLReporter -->
<testsuite ignored="5" hostname="HYD-U9L6HDKVVP6" failures="1" tests="1" name="LeavesGroupTests" time="14.542" errors="0" timestamp="2025-09-22T14:24:47 IST">
  <testcase classname="tests.DashboardPageTest" name="checkPendingLeaves" time="0.004">
    <failure type="java.lang.NullPointerException" message="Cannot invoke &amp;quot;java.lang.ThreadLocal.get()&amp;quot; because &amp;quot;initialization.DriverManager.driver&amp;quot; is null">
      <![CDATA[java.lang.NullPointerException: Cannot invoke "java.lang.ThreadLocal.get()" because "initialization.DriverManager.driver" is null
at initialization.DriverManager.getDriver(DriverManager.java:19)
at pages.BasePage.<init>(BasePage.java:16)
at pages.DashboardPage.<init>(DashboardPage.java:16)
at tests.DashboardPageTest.checkPendingLeaves(DashboardPageTest.java:64)
at java.base/java.util.ArrayList.forEach(ArrayList.java:1597)
at java.base/java.util.concurrent.FutureTask.run(FutureTask.java:317)
at java.base/java.util.concurrent.ThreadPoolExecutor.runWorker(ThreadPoolExecutor.java:1144)
at java.base/java.util.concurrent.ThreadPoolExecutor$Worker.run(ThreadPoolExecutor.java:642)
at java.base/java.lang.Thread.run(Thread.java:1575)
... Removed 15 stack frames]]>
    </failure>
  </testcase> <!-- checkPendingLeaves -->
  <testcase classname="tests.DashboardPageTest" name="getQuickLaunchWidgets" time="0.0">
    <ignored/>
  </testcase> <!-- getQuickLaunchWidgets -->
  <testcase classname="tests.DashboardPageTest" name="getDashboardCustomization" time="0.0">
    <ignored/>
  </testcase> <!-- getDashboardCustomization -->
  <testcase classname="tests.DashboardPageTest" name="seeTheMenu" time="0.0">
    <ignored/>
  </testcase> <!-- seeTheMenu -->
  <testcase classname="tests.DashboardPageTest" name="testPrintPieChart" time="0.0">
    <ignored/>
  </testcase> <!-- testPrintPieChart -->
  <testcase classname="tests.DashboardPageTest" name="getDashBoardItems" time="0.0">
    <ignored/>
  </testcase> <!-- getDashBoardItems -->
</testsuite> <!-- LeavesGroupTests -->
