<?xml version="1.0" encoding="UTF-8"?>
<!-- Generated by org.testng.reporters.JUnitXMLReporter -->
<testsuite ignored="4" hostname="HYD-U9L6HDKVVP6" failures="0" tests="2" name="WidgetsGroupTests" time="3.268" errors="0" timestamp="2025-09-21T08:54:03 IST">
  <testcase classname="tests.DashboardPageTest" name="getQuickLaunchWidgets" time="3.048"/>
  <testcase classname="tests.DashboardPageTest" name="testPrintPieChart" time="0.038"/>
  <testcase classname="tests.DashboardPageTest" name="checkPendingLeaves" time="0.0">
    <ignored/>
  </testcase> <!-- checkPendingLeaves -->
  <testcase classname="tests.DashboardPageTest" name="getDashboardCustomization" time="0.0">
    <ignored/>
  </testcase> <!-- getDashboardCustomization -->
  <testcase classname="tests.DashboardPageTest" name="getDashBoardItems" time="0.0">
    <ignored/>
  </testcase> <!-- getDashBoardItems -->
  <testcase classname="tests.DashboardPageTest" name="seeTheMenu" time="0.0">
    <ignored/>
  </testcase> <!-- seeTheMenu -->
</testsuite> <!-- WidgetsGroupTests -->
