<?xml version="1.0" encoding="UTF-8"?>
<!-- Generated by org.testng.reporters.JUnitXMLReporter -->
<testsuite ignored="1" hostname="HYD-U9L6HDKVVP6" failures="0" tests="1" name="AddAndDeleteEmployeeGroupTests" time="18.41" errors="0" timestamp="2025-10-06T16:38:21 IST">
  <testcase classname="tests.PIMPageTest" name="addAndDeleteEmployeeFunctionality" time="12.14"/>
  <testcase classname="tests.PIMPageTest" name="verifyEmployeeSearch" time="0.0">
    <ignored/>
  </testcase> <!-- verifyEmployeeSearch -->
</testsuite> <!-- AddAndDeleteEmployeeGroupTests -->
