<?xml version="1.0" encoding="UTF-8"?>
<!-- Generated by org.testng.reporters.JUnitXMLReporter -->
<testsuite ignored="1" hostname="HYD-U9L6HDKVVP6" failures="0" tests="1" name="EmployeeSearchGroupTests" time="13.569" errors="0" timestamp="2025-10-14T21:52:37 IST">
  <testcase classname="tests.PIMPageTest" name="verifyEmployeeSearch" time="5.162"/>
  <testcase classname="tests.PIMPageTest" name="addAndDeleteEmployeeFunctionality" time="0.0">
    <ignored/>
  </testcase> <!-- addAndDeleteEmployeeFunctionality -->
</testsuite> <!-- EmployeeSearchGroupTests -->
