<?xml version="1.0" encoding="UTF-8"?>
<!-- Generated by org.testng.reporters.JUnitXMLReporter -->
<testsuite ignored="1" hostname="HYD-U9L6HDKVVP6" failures="0" tests="1" name="EmployeeSearchGroupTests" time="14.475" errors="0" timestamp="2025-09-22T22:27:43 IST">
  <testcase classname="tests.PIMPageTest" name="verifyEmployeeSearch" time="5.536"/>
  <testcase classname="tests.PIMPageTest" name="addAndDeleteEmployeeFunctionality" time="0.0">
    <ignored/>
  </testcase> <!-- addAndDeleteEmployeeFunctionality -->
</testsuite> <!-- EmployeeSearchGroupTests -->
